#
# There is insufficient memory for the Java Runtime Environment to continue.
# Native memory allocation (malloc) failed to allocate 1048576 bytes for AllocateHeap
# Possible reasons:
#   The system is out of physical RAM or swap space
#   The process is running with CompressedOops enabled, and the Java Heap may be blocking the growth of the native heap
# Possible solutions:
#   Reduce memory load on the system
#   Increase physical memory or swap space
#   Check if swap backing store is full
#   Decrease Java heap size (-Xmx/-Xms)
#   Decrease number of Java threads
#   Decrease Java thread stack sizes (-Xss)
#   Set larger code cache with -XX:ReservedCodeCacheSize=
#   JVM is running with Zero Based Compressed Oops mode in which the Java heap is
#     placed in the first 32GB address space. The Java Heap base address is the
#     maximum limit for the native heap growth. Please use -XX:HeapBaseMinAddress
#     to set the Java Heap base and to place the Java Heap above 32GB virtual address.
# This output file may be truncated or incomplete.
#
#  Out of Memory Error (memory/allocation.inline.hpp:61), pid=9288, tid=0x0000000000003fb8
#
# JRE version:  (8.0_242-b01) (build )
# Java VM: OpenJDK 64-Bit Server VM (25.242-b01 mixed mode windows-amd64 compressed oops)
# Failed to write core dump. Minidumps are not enabled by default on client versions of Windows
#

---------------  T H R E A D  ---------------

Current thread (0x0000000003223800):  JavaThread "Unknown thread" [_thread_in_vm, id=16312, stack(0x0000000003120000,0x0000000003220000)]

Stack: [0x0000000003120000,0x0000000003220000]
[error occurred during error reporting (printing stack bounds), id 0xc0000005]

Native frames: (J=compiled Java code, j=interpreted, Vv=VM code, C=native code)


---------------  P R O C E S S  ---------------

Java Threads: ( => current thread )

Other Threads:

=>0x0000000003223800 (exited) JavaThread "Unknown thread" [_thread_in_vm, id=16312, stack(0x0000000003120000,0x0000000003220000)]

VM state:not at safepoint (normal execution)

VM Mutex/Monitor currently owned by a thread: None

heap address: 0x00000006c2000000, size: 4064 MB, Compressed Oops mode: Zero based, Oop shift amount: 3
Narrow klass base: 0x0000000000000000, Narrow klass shift: 3
Compressed class space size: 1073741824 Address: 0x00000007c0000000

Heap:
 PSYoungGen      total 75776K, used 1300K [0x000000076b580000, 0x0000000770a00000, 0x00000007c0000000)
  eden space 65024K, 2% used [0x000000076b580000,0x000000076b6c51f8,0x000000076f500000)
  from space 10752K, 0% used [0x000000076ff80000,0x000000076ff80000,0x0000000770a00000)
  to   space 10752K, 0% used [0x000000076f500000,0x000000076f500000,0x000000076ff80000)
 ParOldGen       total 173568K, used 0K [0x00000006c2000000, 0x00000006cc980000, 0x000000076b580000)
  object space 173568K, 0% used [0x00000006c2000000,0x00000006c2000000,0x00000006cc980000)
 Metaspace       used 779K, capacity 4480K, committed 4480K, reserved 1056768K
  class space    used 74K, capacity 384K, committed 384K, reserved 1048576K

Card table byte_map: [0x00000000126e0000,0x0000000012ee0000] byte_map_base: 0x000000000f0d0000

Marking Bits: (ParMarkBitMap*) 0x000000007190f030
 Begin Bits: [0x0000000013c30000, 0x0000000017bb0000)
 End Bits:   [0x0000000017bb0000, 0x000000001bb30000)

Polling page: 0x0000000001330000

CodeCache: size=245760Kb used=328Kb max_used=328Kb free=245431Kb
 bounds [0x0000000003320000, 0x0000000003590000, 0x0000000012320000]
 total_blobs=57 nmethods=0 adapters=38
 compilation: enabled

Compilation events (0 events):
No events

GC Heap History (0 events):
No events

Deoptimization events (0 events):
No events

Classes redefined (0 events):
No events

Internal exceptions (0 events):
No events

Events (10 events):
Event: 0.039 loading class java/lang/Short
Event: 0.039 loading class java/lang/Short done
Event: 0.039 loading class java/lang/Integer
Event: 0.039 loading class java/lang/Integer done
Event: 0.039 loading class java/lang/Long
Event: 0.039 loading class java/lang/Long done
Event: 0.040 loading class java/lang/NullPointerException
Event: 0.040 loading class java/lang/NullPointerException done
Event: 0.040 loading class java/lang/ArithmeticException
Event: 0.040 loading class java/lang/ArithmeticException done


Dynamic libraries:
0x00007ff789710000 - 0x00007ff789741000 	D:\androidStudio\jre\bin\java.exe
0x00007ffa71d20000 - 0x00007ffa71f10000 	C:\WINDOWS\SYSTEM32\ntdll.dll
0x00007ffa70dc0000 - 0x00007ffa70e72000 	C:\WINDOWS\System32\KERNEL32.DLL
0x00007ffa6fa80000 - 0x00007ffa6fd24000 	C:\WINDOWS\System32\KERNELBASE.dll
0x00007ffa708a0000 - 0x00007ffa70943000 	C:\WINDOWS\System32\ADVAPI32.dll
0x00007ffa703c0000 - 0x00007ffa7045e000 	C:\WINDOWS\System32\msvcrt.dll
0x00007ffa70460000 - 0x00007ffa704f7000 	C:\WINDOWS\System32\sechost.dll
0x00007ffa6fdd0000 - 0x00007ffa6fef0000 	C:\WINDOWS\System32\RPCRT4.dll
0x00007ffa716b0000 - 0x00007ffa71844000 	C:\WINDOWS\System32\USER32.dll
0x00007ffa6ecb0000 - 0x00007ffa6ecd1000 	C:\WINDOWS\System32\win32u.dll
0x00007ffa71be0000 - 0x00007ffa71c06000 	C:\WINDOWS\System32\GDI32.dll
0x00007ffa6ede0000 - 0x00007ffa6ef75000 	C:\WINDOWS\System32\gdi32full.dll
0x00007ffa6ef80000 - 0x00007ffa6f01e000 	C:\WINDOWS\System32\msvcp_win.dll
0x00007ffa6ece0000 - 0x00007ffa6edda000 	C:\WINDOWS\System32\ucrtbase.dll
0x00007ffa60380000 - 0x00007ffa60604000 	C:\WINDOWS\WinSxS\amd64_microsoft.windows.common-controls_6595b64144ccf1df_6.0.18362.900_none_e6beb9d913147d17\COMCTL32.dll
0x00007ffa70500000 - 0x00007ffa70835000 	C:\WINDOWS\System32\combase.dll
0x00007ffa6fd30000 - 0x00007ffa6fdb0000 	C:\WINDOWS\System32\bcryptPrimitives.dll
0x00007ffa71660000 - 0x00007ffa7168e000 	C:\WINDOWS\System32\IMM32.DLL
0x0000000071e10000 - 0x0000000071ee2000 	D:\androidStudio\jre\jre\bin\msvcr100.dll
0x0000000071140000 - 0x000000007198b000 	D:\androidStudio\jre\jre\bin\server\jvm.dll
0x00007ffa71b70000 - 0x00007ffa71b78000 	C:\WINDOWS\System32\PSAPI.DLL
0x00007ffa6c2a0000 - 0x00007ffa6c2c4000 	C:\WINDOWS\SYSTEM32\WINMM.dll
0x00007ffa62140000 - 0x00007ffa6214a000 	C:\WINDOWS\SYSTEM32\VERSION.dll
0x00007ffa6b140000 - 0x00007ffa6b149000 	C:\WINDOWS\SYSTEM32\WSOCK32.dll
0x00007ffa70f00000 - 0x00007ffa70f6f000 	C:\WINDOWS\System32\WS2_32.dll
0x00007ffa6bc20000 - 0x00007ffa6bc4d000 	C:\WINDOWS\SYSTEM32\WINMMBASE.dll
0x00007ffa6f280000 - 0x00007ffa6f2ca000 	C:\WINDOWS\System32\cfgmgr32.dll
0x00007ffa6b130000 - 0x00007ffa6b13f000 	D:\androidStudio\jre\jre\bin\verify.dll
0x00007ffa68940000 - 0x00007ffa68969000 	D:\androidStudio\jre\jre\bin\java.dll
0x00007ffa68980000 - 0x00007ffa68996000 	D:\androidStudio\jre\jre\bin\zip.dll

VM Arguments:
jvm_args: -Dorg.gradle.appname=gradlew 
java_command: org.gradle.wrapper.GradleWrapperMain -q -Ptarget-platform=android-arm64 -Ptarget=D:\Work\gtseries\mustafa0_1\lib\main.dart -Ptrack-widget-creation=true -Pfilesystem-scheme=org-dartlang-root -Pdart-defines=flutter.inspector.structuredErrors=true assembleDebug
java_class_path (initial): D:\Work\gtseries\mustafa0_1\android\\gradle\wrapper\gradle-wrapper.jar
Launcher Type: SUN_STANDARD

Environment Variables:
JAVA_HOME=D:\androidStudio\jre
CLASSPATH=D:\Work\gtseries\mustafa0_1\android\\gradle\wrapper\gradle-wrapper.jar
PATH=C:\Python27\;C:\Python27\Scripts;C:\Program Files (x86)\Common Files\Oracle\Java\javapath;"C:\Program Files (x86)\Common Files\Oracle\Java\javapath;C:\Program Files (x86)\Java\jdk1.8.0_191\bin;C:\Program Files (x86)\Java\jre1.8.0_191\bin;C:\Program Files\Java\jdk-11.0.1\bin";C:\Windows\system32;C:\Windows;C:\Windows\System32\Wbem;C:\Windows\System32\WindowsPowerShell\v1.0\;C:\Program Files (x86)\NVIDIA Corporation\PhysX\Common;C:\WINDOWS\system32;C:\WINDOWS;C:\WINDOWS\System32\Wbem;C:\WINDOWS\System32\WindowsPowerShell\v1.0\;C:\WINDOWS\System32\OpenSSH\;C:\Program Files\NVIDIA Corporation\NVIDIA NvDLISR;D:\MATLAB R2017a\runtime\win64;D:\MATLAB R2017a\bin;D:\Adv.dig\bin;D:\vhdl\bin;C:\WINDOWS\system32;C:\WINDOWS;C:\WINDOWS\System32\Wbem;C:\WINDOWS\System32\WindowsPowerShell\v1.0\;C:\WINDOWS\System32\OpenSSH\;C:\Program Files (x86)\Intel\Intel(R) Management Engine Components\DAL;C:\Program Files\Intel\Intel(R) Management Engine Components\DAL;C:\Program Files\nodejs\;C:\ProgramData\chocolatey\bin;C:\Program Files (x86)\SFS\Program;D:\Git\cmd;D:\real time lab protos\MPLAB C32 Suite\bin;C:\Program Files (x86)\HI-TECH Software\PICC\9.83\bin;C:\Program Files\Microsoft SQL Server\Client SDK\ODBC\170\Tools\Binn\;C:\Program Files (x86)\Microsoft SQL Server\150\Tools\Binn\;C:\Program Files\Microsoft SQL Server\150\Tools\Binn\;C:\Program Files\Microsoft SQL Server\150\DTS\Binn\;C:\Program Files\dotnet\;C:\Program Files\Microsoft SQL Server\130\Tools\Binn\;C:\Program Files (x86)\Microsoft SQL Server\150\DTS\Binn\;C:\Users\fcbar\AppData\Local\Microsoft\WindowsApps;C:\Users\fcbar\AppData\Roaming\npm;C:\Users\fcbar\AppData\Local\Programs\Microsoft VS Code\bin;C:\src\flutter\bin;C:\Users\fcbar\AppData\Local\Android\Sdk\emulator;C:\Users\fcbar\AppData\Local\Android\Sdk\platform-tools;C:\Users\fcbar\AppData\Local\Android\Sdk\tools;C:\Users\fcbar\AppData\Local\Android\Sdk\tools\bin;C:\Users\fcbar\.dotnet\tools
USERNAME=fcbar
OS=Windows_NT
PROCESSOR_IDENTIFIER=Intel64 Family 6 Model 142 Stepping 10, GenuineIntel



---------------  S Y S T E M  ---------------

OS: Windows 10.0 , 64 bit Build 18362 (10.0.18362.900)

CPU:total 8 (initial active 8) (4 cores per cpu, 2 threads per core) family 6 model 142 stepping 10, cmov, cx8, fxsr, mmx, sse, sse2, sse3, ssse3, sse4.1, sse4.2, popcnt, avx, avx2, aes, clmul, erms, 3dnowpref, lzcnt, ht, tsc, tscinvbit, bmi1, bmi2, adx

Memory: 4k page, physical 16640396k(3507104k free), swap 21260476k(4692k free)

vm_info: OpenJDK 64-Bit Server VM (25.242-b01) for windows-amd64 JRE (1.8.0_242-release-1644-b01), built by "builder" with MS VC++ 10.0 (VS2010)

time: Sat Jul 04 18:03:15 2020
timezone: Jerusalem Daylight Time
elapsed time: 0 seconds (0d 0h 0m 0s)

